#
# A fatal error has been detected by the Java Runtime Environment:
#
#  Internal Error (./src/hotspot/share/oops/generateOopMap.cpp:2164), pid=14356, tid=2504
#  fatal error: Illegal class file encountered. Try running with -Xverify:all in method main
#
# JRE version: OpenJDK Runtime Environment 18.9 (11.0.14+9) (build 11.0.14+9-LTS)
# Java VM: OpenJDK 64-Bit Server VM 18.9 (11.0.14+9-LTS, mixed mode, tiered, compressed oops, g1 gc, windows-amd64)
# No core dump will be written. Minidumps are not enabled by default on client versions of Windows
#
# If you would like to submit a bug report, please visit:
#   https://github.com/ojdkbuild/ojdkbuild/issues
#

---------------  S U M M A R Y ------------

Command Line: -agentlib:jdwp=transport=dt_socket,suspend=y,address=localhost:52858 -javaagent:C:\eclipse-jee-2021-12-R-win32-x86_64\eclipse\configuration\org.eclipse.osgi\418\0\.cp\lib\javaagent-shaded.jar -Dfile.encoding=UTF-8 ch5_array.ArrayEx1

Host: 11th Gen Intel(R) Core(TM) i5-1135G7 @ 2.40GHz, 8 cores, 15G,  Windows 11 , 64 bit Build 22621 (10.0.22621.1635)
Time: Fri Jun  2 23:11:54 2023 대한민국 표준시 elapsed time: 3967.785914 seconds (0d 1h 6m 7s)

---------------  T H R E A D  ---------------

Current thread (0x00000277dd1c7000):  VMThread "VM Thread" [stack: 0x0000009c01200000,0x0000009c01300000] [id=2504]

Stack: [0x0000009c01200000,0x0000009c01300000]
[error occurred during error reporting (printing stack bounds), id 0xc0000005, EXCEPTION_ACCESS_VIOLATION (0xc0000005) at pc=0x00000277c0e312e7]

Native frames: (J=compiled Java code, j=interpreted, Vv=VM code, C=native code)
V  [jvm.dll+0x61e57a]
V  [jvm.dll+0x7aac49]
V  [jvm.dll+0x7ac338]
V  [jvm.dll+0x7ac975]
V  [jvm.dll+0x7ac92b]
V  [jvm.dll+0x61d907]
V  [jvm.dll+0x61e018]
C  [ntdll.dll+0xa3cff]
C  [ntdll.dll+0x1e456]
C  [ntdll.dll+0xa2cee]
C  0x00000277c0e312e7

VM_Operation (0x0000009c01dff610): GetOrSetLocal, mode: safepoint, requested by thread 0x00000277dd510000


---------------  P R O C E S S  ---------------

Threads class SMR info:
_java_thread_list=0x00000277dd75b870, length=13, elements={
0x00000277b6f18000, 0x00000277dd1eb000, 0x00000277dd1f6000, 0x00000277dd258800,
0x00000277dd25a800, 0x00000277dd25c000, 0x00000277dd263800, 0x00000277dd267000,
0x00000277dd279800, 0x00000277dd1c0800, 0x00000277dd510000, 0x00000277dd650800,
0x00000277dd651800
}

Java Threads: ( => current thread )
  0x00000277b6f18000 JavaThread "main" [_thread_blocked, id=19576, stack(0x0000009c00c00000,0x0000009c00d00000)]
  0x00000277dd1eb000 JavaThread "Reference Handler" daemon [_thread_blocked, id=17580, stack(0x0000009c01300000,0x0000009c01400000)]
  0x00000277dd1f6000 JavaThread "Finalizer" daemon [_thread_blocked, id=11860, stack(0x0000009c01400000,0x0000009c01500000)]
  0x00000277dd258800 JavaThread "Signal Dispatcher" daemon [_thread_blocked, id=14416, stack(0x0000009c01500000,0x0000009c01600000)]
  0x00000277dd25a800 JavaThread "Attach Listener" daemon [_thread_blocked, id=4888, stack(0x0000009c01600000,0x0000009c01700000)]
  0x00000277dd25c000 JavaThread "Service Thread" daemon [_thread_blocked, id=11992, stack(0x0000009c01700000,0x0000009c01800000)]
  0x00000277dd263800 JavaThread "C2 CompilerThread0" daemon [_thread_blocked, id=4864, stack(0x0000009c01800000,0x0000009c01900000)]
  0x00000277dd267000 JavaThread "C1 CompilerThread0" daemon [_thread_blocked, id=18348, stack(0x0000009c01900000,0x0000009c01a00000)]
  0x00000277dd279800 JavaThread "Sweeper thread" daemon [_thread_blocked, id=20476, stack(0x0000009c01a00000,0x0000009c01b00000)]
  0x00000277dd1c0800 JavaThread "Common-Cleaner" daemon [_thread_blocked, id=15788, stack(0x0000009c01b00000,0x0000009c01c00000)]
  0x00000277dd510000 JavaThread "JDWP Transport Listener: dt_socket" daemon [_thread_blocked, id=7660, stack(0x0000009c01d00000,0x0000009c01e00000)] _threads_hazard_ptr=0x00000277dd75b870
  0x00000277dd650800 JavaThread "JDWP Event Helper Thread" daemon [_thread_blocked, id=17164, stack(0x0000009c01e00000,0x0000009c01f00000)]
  0x00000277dd651800 JavaThread "JDWP Command Reader" daemon [_thread_in_native, id=17844, stack(0x0000009c01f00000,0x0000009c02000000)]

Other Threads:
=>0x00000277dd1c7000 VMThread "VM Thread" [stack: 0x0000009c01200000,0x0000009c01300000] [id=2504]
  0x00000277dd6cc800 WatcherThread [stack: 0x0000009c02000000,0x0000009c02100000] [id=6408]
  0x00000277b6f31000 GCTaskThread "GC Thread#0" [stack: 0x0000009c00d00000,0x0000009c00e00000] [id=3216]
  0x00000277b6f8e800 ConcurrentGCThread "G1 Main Marker" [stack: 0x0000009c00e00000,0x0000009c00f00000] [id=2528]
  0x00000277b6f90000 ConcurrentGCThread "G1 Conc#0" [stack: 0x0000009c00f00000,0x0000009c01000000] [id=17200]
  0x00000277dc828000 ConcurrentGCThread "G1 Refine#0" [stack: 0x0000009c01000000,0x0000009c01100000] [id=16920]
  0x00000277dc82b000 ConcurrentGCThread "G1 Young RemSet Sampling" [stack: 0x0000009c01100000,0x0000009c01200000] [id=8812]

Threads with active compile tasks:

VM state:at safepoint (normal execution)

VM Mutex/Monitor currently owned by a thread:  ([mutex/lock_event])
[0x00000277b6f156b0] Threads_lock - owner thread: 0x00000277dd1c7000

Heap address: 0x0000000705000000, size: 4016 MB, Compressed Oops mode: Zero based, Oop shift amount: 3
Narrow klass base: 0x0000000800000000, Narrow klass shift: 0
Compressed class space size: 1073741824 Address: 0x0000000800000000

Heap:
 garbage-first heap   total 258048K, used 6144K [0x0000000705000000, 0x0000000800000000)
  region size 1024K, 7 young (7168K), 0 survivors (0K)
 Metaspace       used 9607K, capacity 9783K, committed 9856K, reserved 1058816K
  class space    used 841K, capacity 877K, committed 896K, reserved 1048576K
Heap Regions: E=young(eden), S=young(survivor), O=old, HS=humongous(starts), HC=humongous(continues), CS=collection set, F=free, A=archive, TAMS=top-at-mark-start (previous, next)
|   0|0x0000000705000000, 0x0000000705000000, 0x0000000705100000|  0%| F|  |TAMS 0x0000000705000000, 0x0000000705000000| Untracked 
|   1|0x0000000705100000, 0x0000000705100000, 0x0000000705200000|  0%| F|  |TAMS 0x0000000705100000, 0x0000000705100000| Untracked 
|   2|0x0000000705200000, 0x0000000705200000, 0x0000000705300000|  0%| F|  |TAMS 0x0000000705200000, 0x0000000705200000| Untracked 
|   3|0x0000000705300000, 0x0000000705300000, 0x0000000705400000|  0%| F|  |TAMS 0x0000000705300000, 0x0000000705300000| Untracked 
|   4|0x0000000705400000, 0x0000000705400000, 0x0000000705500000|  0%| F|  |TAMS 0x0000000705400000, 0x0000000705400000| Untracked 
|   5|0x0000000705500000, 0x0000000705500000, 0x0000000705600000|  0%| F|  |TAMS 0x0000000705500000, 0x0000000705500000| Untracked 
|   6|0x0000000705600000, 0x0000000705600000, 0x0000000705700000|  0%| F|  |TAMS 0x0000000705600000, 0x0000000705600000| Untracked 
|   7|0x0000000705700000, 0x0000000705700000, 0x0000000705800000|  0%| F|  |TAMS 0x0000000705700000, 0x0000000705700000| Untracked 
|   8|0x0000000705800000, 0x0000000705800000, 0x0000000705900000|  0%| F|  |TAMS 0x0000000705800000, 0x0000000705800000| Untracked 
|   9|0x0000000705900000, 0x0000000705900000, 0x0000000705a00000|  0%| F|  |TAMS 0x0000000705900000, 0x0000000705900000| Untracked 
|  10|0x0000000705a00000, 0x0000000705a00000, 0x0000000705b00000|  0%| F|  |TAMS 0x0000000705a00000, 0x0000000705a00000| Untracked 
|  11|0x0000000705b00000, 0x0000000705b00000, 0x0000000705c00000|  0%| F|  |TAMS 0x0000000705b00000, 0x0000000705b00000| Untracked 
|  12|0x0000000705c00000, 0x0000000705c00000, 0x0000000705d00000|  0%| F|  |TAMS 0x0000000705c00000, 0x0000000705c00000| Untracked 
|  13|0x0000000705d00000, 0x0000000705d00000, 0x0000000705e00000|  0%| F|  |TAMS 0x0000000705d00000, 0x0000000705d00000| Untracked 
|  14|0x0000000705e00000, 0x0000000705e00000, 0x0000000705f00000|  0%| F|  |TAMS 0x0000000705e00000, 0x0000000705e00000| Untracked 
|  15|0x0000000705f00000, 0x0000000705f00000, 0x0000000706000000|  0%| F|  |TAMS 0x0000000705f00000, 0x0000000705f00000| Untracked 
|  16|0x0000000706000000, 0x0000000706000000, 0x0000000706100000|  0%| F|  |TAMS 0x0000000706000000, 0x0000000706000000| Untracked 
|  17|0x0000000706100000, 0x0000000706100000, 0x0000000706200000|  0%| F|  |TAMS 0x0000000706100000, 0x0000000706100000| Untracked 
|  18|0x0000000706200000, 0x0000000706200000, 0x0000000706300000|  0%| F|  |TAMS 0x0000000706200000, 0x0000000706200000| Untracked 
|  19|0x0000000706300000, 0x0000000706300000, 0x0000000706400000|  0%| F|  |TAMS 0x0000000706300000, 0x0000000706300000| Untracked 
|  20|0x0000000706400000, 0x0000000706400000, 0x0000000706500000|  0%| F|  |TAMS 0x0000000706400000, 0x0000000706400000| Untracked 
|  21|0x0000000706500000, 0x0000000706500000, 0x0000000706600000|  0%| F|  |TAMS 0x0000000706500000, 0x0000000706500000| Untracked 
|  22|0x0000000706600000, 0x0000000706600000, 0x0000000706700000|  0%| F|  |TAMS 0x0000000706600000, 0x0000000706600000| Untracked 
|  23|0x0000000706700000, 0x0000000706700000, 0x0000000706800000|  0%| F|  |TAMS 0x0000000706700000, 0x0000000706700000| Untracked 
|  24|0x0000000706800000, 0x0000000706800000, 0x0000000706900000|  0%| F|  |TAMS 0x0000000706800000, 0x0000000706800000| Untracked 
|  25|0x0000000706900000, 0x0000000706900000, 0x0000000706a00000|  0%| F|  |TAMS 0x0000000706900000, 0x0000000706900000| Untracked 
|  26|0x0000000706a00000, 0x0000000706a00000, 0x0000000706b00000|  0%| F|  |TAMS 0x0000000706a00000, 0x0000000706a00000| Untracked 
|  27|0x0000000706b00000, 0x0000000706b00000, 0x0000000706c00000|  0%| F|  |TAMS 0x0000000706b00000, 0x0000000706b00000| Untracked 
|  28|0x0000000706c00000, 0x0000000706c00000, 0x0000000706d00000|  0%| F|  |TAMS 0x0000000706c00000, 0x0000000706c00000| Untracked 
|  29|0x0000000706d00000, 0x0000000706d00000, 0x0000000706e00000|  0%| F|  |TAMS 0x0000000706d00000, 0x0000000706d00000| Untracked 
|  30|0x0000000706e00000, 0x0000000706e00000, 0x0000000706f00000|  0%| F|  |TAMS 0x0000000706e00000, 0x0000000706e00000| Untracked 
|  31|0x0000000706f00000, 0x0000000706f00000, 0x0000000707000000|  0%| F|  |TAMS 0x0000000706f00000, 0x0000000706f00000| Untracked 
|  32|0x0000000707000000, 0x0000000707000000, 0x0000000707100000|  0%| F|  |TAMS 0x0000000707000000, 0x0000000707000000| Untracked 
|  33|0x0000000707100000, 0x0000000707100000, 0x0000000707200000|  0%| F|  |TAMS 0x0000000707100000, 0x0000000707100000| Untracked 
|  34|0x0000000707200000, 0x0000000707200000, 0x0000000707300000|  0%| F|  |TAMS 0x0000000707200000, 0x0000000707200000| Untracked 
|  35|0x0000000707300000, 0x0000000707300000, 0x0000000707400000|  0%| F|  |TAMS 0x0000000707300000, 0x0000000707300000| Untracked 
|  36|0x0000000707400000, 0x0000000707400000, 0x0000000707500000|  0%| F|  |TAMS 0x0000000707400000, 0x0000000707400000| Untracked 
|  37|0x0000000707500000, 0x0000000707500000, 0x0000000707600000|  0%| F|  |TAMS 0x0000000707500000, 0x0000000707500000| Untracked 
|  38|0x0000000707600000, 0x0000000707600000, 0x0000000707700000|  0%| F|  |TAMS 0x0000000707600000, 0x0000000707600000| Untracked 
|  39|0x0000000707700000, 0x0000000707700000, 0x0000000707800000|  0%| F|  |TAMS 0x0000000707700000, 0x0000000707700000| Untracked 
|  40|0x0000000707800000, 0x0000000707800000, 0x0000000707900000|  0%| F|  |TAMS 0x0000000707800000, 0x0000000707800000| Untracked 
|  41|0x0000000707900000, 0x0000000707900000, 0x0000000707a00000|  0%| F|  |TAMS 0x0000000707900000, 0x0000000707900000| Untracked 
|  42|0x0000000707a00000, 0x0000000707a00000, 0x0000000707b00000|  0%| F|  |TAMS 0x0000000707a00000, 0x0000000707a00000| Untracked 
|  43|0x0000000707b00000, 0x0000000707b00000, 0x0000000707c00000|  0%| F|  |TAMS 0x0000000707b00000, 0x0000000707b00000| Untracked 
|  44|0x0000000707c00000, 0x0000000707c00000, 0x0000000707d00000|  0%| F|  |TAMS 0x0000000707c00000, 0x0000000707c00000| Untracked 
|  45|0x0000000707d00000, 0x0000000707d00000, 0x0000000707e00000|  0%| F|  |TAMS 0x0000000707d00000, 0x0000000707d00000| Untracked 
|  46|0x0000000707e00000, 0x0000000707e00000, 0x0000000707f00000|  0%| F|  |TAMS 0x0000000707e00000, 0x0000000707e00000| Untracked 
|  47|0x0000000707f00000, 0x0000000707f00000, 0x0000000708000000|  0%| F|  |TAMS 0x0000000707f00000, 0x0000000707f00000| Untracked 
|  48|0x0000000708000000, 0x0000000708000000, 0x0000000708100000|  0%| F|  |TAMS 0x0000000708000000, 0x0000000708000000| Untracked 
|  49|0x0000000708100000, 0x0000000708100000, 0x0000000708200000|  0%| F|  |TAMS 0x0000000708100000, 0x0000000708100000| Untracked 
|  50|0x0000000708200000, 0x0000000708200000, 0x0000000708300000|  0%| F|  |TAMS 0x0000000708200000, 0x0000000708200000| Untracked 
|  51|0x0000000708300000, 0x0000000708300000, 0x0000000708400000|  0%| F|  |TAMS 0x0000000708300000, 0x0000000708300000| Untracked 
|  52|0x0000000708400000, 0x0000000708400000, 0x0000000708500000|  0%| F|  |TAMS 0x0000000708400000, 0x0000000708400000| Untracked 
|  53|0x0000000708500000, 0x0000000708500000, 0x0000000708600000|  0%| F|  |TAMS 0x0000000708500000, 0x0000000708500000| Untracked 
|  54|0x0000000708600000, 0x0000000708600000, 0x0000000708700000|  0%| F|  |TAMS 0x0000000708600000, 0x0000000708600000| Untracked 
|  55|0x0000000708700000, 0x0000000708700000, 0x0000000708800000|  0%| F|  |TAMS 0x0000000708700000, 0x0000000708700000| Untracked 
|  56|0x0000000708800000, 0x0000000708800000, 0x0000000708900000|  0%| F|  |TAMS 0x0000000708800000, 0x0000000708800000| Untracked 
|  57|0x0000000708900000, 0x0000000708900000, 0x0000000708a00000|  0%| F|  |TAMS 0x0000000708900000, 0x0000000708900000| Untracked 
|  58|0x0000000708a00000, 0x0000000708a00000, 0x0000000708b00000|  0%| F|  |TAMS 0x0000000708a00000, 0x0000000708a00000| Untracked 
|  59|0x0000000708b00000, 0x0000000708b00000, 0x0000000708c00000|  0%| F|  |TAMS 0x0000000708b00000, 0x0000000708b00000| Untracked 
|  60|0x0000000708c00000, 0x0000000708c00000, 0x0000000708d00000|  0%| F|  |TAMS 0x0000000708c00000, 0x0000000708c00000| Untracked 
|  61|0x0000000708d00000, 0x0000000708d00000, 0x0000000708e00000|  0%| F|  |TAMS 0x0000000708d00000, 0x0000000708d00000| Untracked 
|  62|0x0000000708e00000, 0x0000000708e00000, 0x0000000708f00000|  0%| F|  |TAMS 0x0000000708e00000, 0x0000000708e00000| Untracked 
|  63|0x0000000708f00000, 0x0000000708f00000, 0x0000000709000000|  0%| F|  |TAMS 0x0000000708f00000, 0x0000000708f00000| Untracked 
|  64|0x0000000709000000, 0x0000000709000000, 0x0000000709100000|  0%| F|  |TAMS 0x0000000709000000, 0x0000000709000000| Untracked 
|  65|0x0000000709100000, 0x0000000709100000, 0x0000000709200000|  0%| F|  |TAMS 0x0000000709100000, 0x0000000709100000| Untracked 
|  66|0x0000000709200000, 0x0000000709200000, 0x0000000709300000|  0%| F|  |TAMS 0x0000000709200000, 0x0000000709200000| Untracked 
|  67|0x0000000709300000, 0x0000000709300000, 0x0000000709400000|  0%| F|  |TAMS 0x0000000709300000, 0x0000000709300000| Untracked 
|  68|0x0000000709400000, 0x0000000709400000, 0x0000000709500000|  0%| F|  |TAMS 0x0000000709400000, 0x0000000709400000| Untracked 
|  69|0x0000000709500000, 0x0000000709500000, 0x0000000709600000|  0%| F|  |TAMS 0x0000000709500000, 0x0000000709500000| Untracked 
|  70|0x0000000709600000, 0x0000000709600000, 0x0000000709700000|  0%| F|  |TAMS 0x0000000709600000, 0x0000000709600000| Untracked 
|  71|0x0000000709700000, 0x0000000709700000, 0x0000000709800000|  0%| F|  |TAMS 0x0000000709700000, 0x0000000709700000| Untracked 
|  72|0x0000000709800000, 0x0000000709800000, 0x0000000709900000|  0%| F|  |TAMS 0x0000000709800000, 0x0000000709800000| Untracked 
|  73|0x0000000709900000, 0x0000000709900000, 0x0000000709a00000|  0%| F|  |TAMS 0x0000000709900000, 0x0000000709900000| Untracked 
|  74|0x0000000709a00000, 0x0000000709a00000, 0x0000000709b00000|  0%| F|  |TAMS 0x0000000709a00000, 0x0000000709a00000| Untracked 
|  75|0x0000000709b00000, 0x0000000709b00000, 0x0000000709c00000|  0%| F|  |TAMS 0x0000000709b00000, 0x0000000709b00000| Untracked 
|  76|0x0000000709c00000, 0x0000000709c00000, 0x0000000709d00000|  0%| F|  |TAMS 0x0000000709c00000, 0x0000000709c00000| Untracked 
|  77|0x0000000709d00000, 0x0000000709d00000, 0x0000000709e00000|  0%| F|  |TAMS 0x0000000709d00000, 0x0000000709d00000| Untracked 
|  78|0x0000000709e00000, 0x0000000709e00000, 0x0000000709f00000|  0%| F|  |TAMS 0x0000000709e00000, 0x0000000709e00000| Untracked 
|  79|0x0000000709f00000, 0x0000000709f00000, 0x000000070a000000|  0%| F|  |TAMS 0x0000000709f00000, 0x0000000709f00000| Untracked 
|  80|0x000000070a000000, 0x000000070a000000, 0x000000070a100000|  0%| F|  |TAMS 0x000000070a000000, 0x000000070a000000| Untracked 
|  81|0x000000070a100000, 0x000000070a100000, 0x000000070a200000|  0%| F|  |TAMS 0x000000070a100000, 0x000000070a100000| Untracked 
|  82|0x000000070a200000, 0x000000070a200000, 0x000000070a300000|  0%| F|  |TAMS 0x000000070a200000, 0x000000070a200000| Untracked 
|  83|0x000000070a300000, 0x000000070a300000, 0x000000070a400000|  0%| F|  |TAMS 0x000000070a300000, 0x000000070a300000| Untracked 
|  84|0x000000070a400000, 0x000000070a400000, 0x000000070a500000|  0%| F|  |TAMS 0x000000070a400000, 0x000000070a400000| Untracked 
|  85|0x000000070a500000, 0x000000070a500000, 0x000000070a600000|  0%| F|  |TAMS 0x000000070a500000, 0x000000070a500000| Untracked 
|  86|0x000000070a600000, 0x000000070a600000, 0x000000070a700000|  0%| F|  |TAMS 0x000000070a600000, 0x000000070a600000| Untracked 
|  87|0x000000070a700000, 0x000000070a700000, 0x000000070a800000|  0%| F|  |TAMS 0x000000070a700000, 0x000000070a700000| Untracked 
|  88|0x000000070a800000, 0x000000070a800000, 0x000000070a900000|  0%| F|  |TAMS 0x000000070a800000, 0x000000070a800000| Untracked 
|  89|0x000000070a900000, 0x000000070a900000, 0x000000070aa00000|  0%| F|  |TAMS 0x000000070a900000, 0x000000070a900000| Untracked 
|  90|0x000000070aa00000, 0x000000070aa00000, 0x000000070ab00000|  0%| F|  |TAMS 0x000000070aa00000, 0x000000070aa00000| Untracked 
|  91|0x000000070ab00000, 0x000000070ab00000, 0x000000070ac00000|  0%| F|  |TAMS 0x000000070ab00000, 0x000000070ab00000| Untracked 
|  92|0x000000070ac00000, 0x000000070ac00000, 0x000000070ad00000|  0%| F|  |TAMS 0x000000070ac00000, 0x000000070ac00000| Untracked 
|  93|0x000000070ad00000, 0x000000070ad00000, 0x000000070ae00000|  0%| F|  |TAMS 0x000000070ad00000, 0x000000070ad00000| Untracked 
|  94|0x000000070ae00000, 0x000000070ae00000, 0x000000070af00000|  0%| F|  |TAMS 0x000000070ae00000, 0x000000070ae00000| Untracked 
|  95|0x000000070af00000, 0x000000070af00000, 0x000000070b000000|  0%| F|  |TAMS 0x000000070af00000, 0x000000070af00000| Untracked 
|  96|0x000000070b000000, 0x000000070b000000, 0x000000070b100000|  0%| F|  |TAMS 0x000000070b000000, 0x000000070b000000| Untracked 
|  97|0x000000070b100000, 0x000000070b100000, 0x000000070b200000|  0%| F|  |TAMS 0x000000070b100000, 0x000000070b100000| Untracked 
|  98|0x000000070b200000, 0x000000070b200000, 0x000000070b300000|  0%| F|  |TAMS 0x000000070b200000, 0x000000070b200000| Untracked 
|  99|0x000000070b300000, 0x000000070b300000, 0x000000070b400000|  0%| F|  |TAMS 0x000000070b300000, 0x000000070b300000| Untracked 
| 100|0x000000070b400000, 0x000000070b400000, 0x000000070b500000|  0%| F|  |TAMS 0x000000070b400000, 0x000000070b400000| Untracked 
| 101|0x000000070b500000, 0x000000070b500000, 0x000000070b600000|  0%| F|  |TAMS 0x000000070b500000, 0x000000070b500000| Untracked 
| 102|0x000000070b600000, 0x000000070b600000, 0x000000070b700000|  0%| F|  |TAMS 0x000000070b600000, 0x000000070b600000| Untracked 
| 103|0x000000070b700000, 0x000000070b700000, 0x000000070b800000|  0%| F|  |TAMS 0x000000070b700000, 0x000000070b700000| Untracked 
| 104|0x000000070b800000, 0x000000070b800000, 0x000000070b900000|  0%| F|  |TAMS 0x000000070b800000, 0x000000070b800000| Untracked 
| 105|0x000000070b900000, 0x000000070b900000, 0x000000070ba00000|  0%| F|  |TAMS 0x000000070b900000, 0x000000070b900000| Untracked 
| 106|0x000000070ba00000, 0x000000070ba00000, 0x000000070bb00000|  0%| F|  |TAMS 0x000000070ba00000, 0x000000070ba00000| Untracked 
| 107|0x000000070bb00000, 0x000000070bb00000, 0x000000070bc00000|  0%| F|  |TAMS 0x000000070bb00000, 0x000000070bb00000| Untracked 
| 108|0x000000070bc00000, 0x000000070bc00000, 0x000000070bd00000|  0%| F|  |TAMS 0x000000070bc00000, 0x000000070bc00000| Untracked 
| 109|0x000000070bd00000, 0x000000070bd00000, 0x000000070be00000|  0%| F|  |TAMS 0x000000070bd00000, 0x000000070bd00000| Untracked 
| 110|0x000000070be00000, 0x000000070be00000, 0x000000070bf00000|  0%| F|  |TAMS 0x000000070be00000, 0x000000070be00000| Untracked 
| 111|0x000000070bf00000, 0x000000070bf00000, 0x000000070c000000|  0%| F|  |TAMS 0x000000070bf00000, 0x000000070bf00000| Untracked 
| 112|0x000000070c000000, 0x000000070c000000, 0x000000070c100000|  0%| F|  |TAMS 0x000000070c000000, 0x000000070c000000| Untracked 
| 113|0x000000070c100000, 0x000000070c100000, 0x000000070c200000|  0%| F|  |TAMS 0x000000070c100000, 0x000000070c100000| Untracked 
| 114|0x000000070c200000, 0x000000070c200000, 0x000000070c300000|  0%| F|  |TAMS 0x000000070c200000, 0x000000070c200000| Untracked 
| 115|0x000000070c300000, 0x000000070c300000, 0x000000070c400000|  0%| F|  |TAMS 0x000000070c300000, 0x000000070c300000| Untracked 
| 116|0x000000070c400000, 0x000000070c400000, 0x000000070c500000|  0%| F|  |TAMS 0x000000070c400000, 0x000000070c400000| Untracked 
| 117|0x000000070c500000, 0x000000070c500000, 0x000000070c600000|  0%| F|  |TAMS 0x000000070c500000, 0x000000070c500000| Untracked 
| 118|0x000000070c600000, 0x000000070c600000, 0x000000070c700000|  0%| F|  |TAMS 0x000000070c600000, 0x000000070c600000| Untracked 
| 119|0x000000070c700000, 0x000000070c700000, 0x000000070c800000|  0%| F|  |TAMS 0x000000070c700000, 0x000000070c700000| Untracked 
| 120|0x000000070c800000, 0x000000070c800000, 0x000000070c900000|  0%| F|  |TAMS 0x000000070c800000, 0x000000070c800000| Untracked 
| 121|0x000000070c900000, 0x000000070c900000, 0x000000070ca00000|  0%| F|  |TAMS 0x000000070c900000, 0x000000070c900000| Untracked 
| 122|0x000000070ca00000, 0x000000070ca00000, 0x000000070cb00000|  0%| F|  |TAMS 0x000000070ca00000, 0x000000070ca00000| Untracked 
| 123|0x000000070cb00000, 0x000000070cb00000, 0x000000070cc00000|  0%| F|  |TAMS 0x000000070cb00000, 0x000000070cb00000| Untracked 
| 124|0x000000070cc00000, 0x000000070cc00000, 0x000000070cd00000|  0%| F|  |TAMS 0x000000070cc00000, 0x000000070cc00000| Untracked 
| 125|0x000000070cd00000, 0x000000070cd00000, 0x000000070ce00000|  0%| F|  |TAMS 0x000000070cd00000, 0x000000070cd00000| Untracked 
| 126|0x000000070ce00000, 0x000000070ce00000, 0x000000070cf00000|  0%| F|  |TAMS 0x000000070ce00000, 0x000000070ce00000| Untracked 
| 127|0x000000070cf00000, 0x000000070cf00000, 0x000000070d000000|  0%| F|  |TAMS 0x000000070cf00000, 0x000000070cf00000| Untracked 
| 128|0x000000070d000000, 0x000000070d000000, 0x000000070d100000|  0%| F|  |TAMS 0x000000070d000000, 0x000000070d000000| Untracked 
| 129|0x000000070d100000, 0x000000070d100000, 0x000000070d200000|  0%| F|  |TAMS 0x000000070d100000, 0x000000070d100000| Untracked 
| 130|0x000000070d200000, 0x000000070d200000, 0x000000070d300000|  0%| F|  |TAMS 0x000000070d200000, 0x000000070d200000| Untracked 
| 131|0x000000070d300000, 0x000000070d300000, 0x000000070d400000|  0%| F|  |TAMS 0x000000070d300000, 0x000000070d300000| Untracked 
| 132|0x000000070d400000, 0x000000070d400000, 0x000000070d500000|  0%| F|  |TAMS 0x000000070d400000, 0x000000070d400000| Untracked 
| 133|0x000000070d500000, 0x000000070d500000, 0x000000070d600000|  0%| F|  |TAMS 0x000000070d500000, 0x000000070d500000| Untracked 
| 134|0x000000070d600000, 0x000000070d600000, 0x000000070d700000|  0%| F|  |TAMS 0x000000070d600000, 0x000000070d600000| Untracked 
| 135|0x000000070d700000, 0x000000070d700000, 0x000000070d800000|  0%| F|  |TAMS 0x000000070d700000, 0x000000070d700000| Untracked 
| 136|0x000000070d800000, 0x000000070d800000, 0x000000070d900000|  0%| F|  |TAMS 0x000000070d800000, 0x000000070d800000| Untracked 
| 137|0x000000070d900000, 0x000000070d900000, 0x000000070da00000|  0%| F|  |TAMS 0x000000070d900000, 0x000000070d900000| Untracked 
| 138|0x000000070da00000, 0x000000070da00000, 0x000000070db00000|  0%| F|  |TAMS 0x000000070da00000, 0x000000070da00000| Untracked 
| 139|0x000000070db00000, 0x000000070db00000, 0x000000070dc00000|  0%| F|  |TAMS 0x000000070db00000, 0x000000070db00000| Untracked 
| 140|0x000000070dc00000, 0x000000070dc00000, 0x000000070dd00000|  0%| F|  |TAMS 0x000000070dc00000, 0x000000070dc00000| Untracked 
| 141|0x000000070dd00000, 0x000000070dd00000, 0x000000070de00000|  0%| F|  |TAMS 0x000000070dd00000, 0x000000070dd00000| Untracked 
| 142|0x000000070de00000, 0x000000070de00000, 0x000000070df00000|  0%| F|  |TAMS 0x000000070de00000, 0x000000070de00000| Untracked 
| 143|0x000000070df00000, 0x000000070df00000, 0x000000070e000000|  0%| F|  |TAMS 0x000000070df00000, 0x000000070df00000| Untracked 
| 144|0x000000070e000000, 0x000000070e000000, 0x000000070e100000|  0%| F|  |TAMS 0x000000070e000000, 0x000000070e000000| Untracked 
| 145|0x000000070e100000, 0x000000070e100000, 0x000000070e200000|  0%| F|  |TAMS 0x000000070e100000, 0x000000070e100000| Untracked 
| 146|0x000000070e200000, 0x000000070e200000, 0x000000070e300000|  0%| F|  |TAMS 0x000000070e200000, 0x000000070e200000| Untracked 
| 147|0x000000070e300000, 0x000000070e300000, 0x000000070e400000|  0%| F|  |TAMS 0x000000070e300000, 0x000000070e300000| Untracked 
| 148|0x000000070e400000, 0x000000070e400000, 0x000000070e500000|  0%| F|  |TAMS 0x000000070e400000, 0x000000070e400000| Untracked 
| 149|0x000000070e500000, 0x000000070e500000, 0x000000070e600000|  0%| F|  |TAMS 0x000000070e500000, 0x000000070e500000| Untracked 
| 150|0x000000070e600000, 0x000000070e600000, 0x000000070e700000|  0%| F|  |TAMS 0x000000070e600000, 0x000000070e600000| Untracked 
| 151|0x000000070e700000, 0x000000070e700000, 0x000000070e800000|  0%| F|  |TAMS 0x000000070e700000, 0x000000070e700000| Untracked 
| 152|0x000000070e800000, 0x000000070e800000, 0x000000070e900000|  0%| F|  |TAMS 0x000000070e800000, 0x000000070e800000| Untracked 
| 153|0x000000070e900000, 0x000000070e900000, 0x000000070ea00000|  0%| F|  |TAMS 0x000000070e900000, 0x000000070e900000| Untracked 
| 154|0x000000070ea00000, 0x000000070ea00000, 0x000000070eb00000|  0%| F|  |TAMS 0x000000070ea00000, 0x000000070ea00000| Untracked 
| 155|0x000000070eb00000, 0x000000070eb00000, 0x000000070ec00000|  0%| F|  |TAMS 0x000000070eb00000, 0x000000070eb00000| Untracked 
| 156|0x000000070ec00000, 0x000000070ec00000, 0x000000070ed00000|  0%| F|  |TAMS 0x000000070ec00000, 0x000000070ec00000| Untracked 
| 157|0x000000070ed00000, 0x000000070ed00000, 0x000000070ee00000|  0%| F|  |TAMS 0x000000070ed00000, 0x000000070ed00000| Untracked 
| 158|0x000000070ee00000, 0x000000070ee00000, 0x000000070ef00000|  0%| F|  |TAMS 0x000000070ee00000, 0x000000070ee00000| Untracked 
| 159|0x000000070ef00000, 0x000000070ef00000, 0x000000070f000000|  0%| F|  |TAMS 0x000000070ef00000, 0x000000070ef00000| Untracked 
| 160|0x000000070f000000, 0x000000070f000000, 0x000000070f100000|  0%| F|  |TAMS 0x000000070f000000, 0x000000070f000000| Untracked 
| 161|0x000000070f100000, 0x000000070f100000, 0x000000070f200000|  0%| F|  |TAMS 0x000000070f100000, 0x000000070f100000| Untracked 
| 162|0x000000070f200000, 0x000000070f200000, 0x000000070f300000|  0%| F|  |TAMS 0x000000070f200000, 0x000000070f200000| Untracked 
| 163|0x000000070f300000, 0x000000070f300000, 0x000000070f400000|  0%| F|  |TAMS 0x000000070f300000, 0x000000070f300000| Untracked 
| 164|0x000000070f400000, 0x000000070f400000, 0x000000070f500000|  0%| F|  |TAMS 0x000000070f400000, 0x000000070f400000| Untracked 
| 165|0x000000070f500000, 0x000000070f500000, 0x000000070f600000|  0%| F|  |TAMS 0x000000070f500000, 0x000000070f500000| Untracked 
| 166|0x000000070f600000, 0x000000070f600000, 0x000000070f700000|  0%| F|  |TAMS 0x000000070f600000, 0x000000070f600000| Untracked 
| 167|0x000000070f700000, 0x000000070f700000, 0x000000070f800000|  0%| F|  |TAMS 0x000000070f700000, 0x000000070f700000| Untracked 
| 168|0x000000070f800000, 0x000000070f800000, 0x000000070f900000|  0%| F|  |TAMS 0x000000070f800000, 0x000000070f800000| Untracked 
| 169|0x000000070f900000, 0x000000070f900000, 0x000000070fa00000|  0%| F|  |TAMS 0x000000070f900000, 0x000000070f900000| Untracked 
| 170|0x000000070fa00000, 0x000000070fa00000, 0x000000070fb00000|  0%| F|  |TAMS 0x000000070fa00000, 0x000000070fa00000| Untracked 
| 171|0x000000070fb00000, 0x000000070fb00000, 0x000000070fc00000|  0%| F|  |TAMS 0x000000070fb00000, 0x000000070fb00000| Untracked 
| 172|0x000000070fc00000, 0x000000070fc00000, 0x000000070fd00000|  0%| F|  |TAMS 0x000000070fc00000, 0x000000070fc00000| Untracked 
| 173|0x000000070fd00000, 0x000000070fd00000, 0x000000070fe00000|  0%| F|  |TAMS 0x000000070fd00000, 0x000000070fd00000| Untracked 
| 174|0x000000070fe00000, 0x000000070fe00000, 0x000000070ff00000|  0%| F|  |TAMS 0x000000070fe00000, 0x000000070fe00000| Untracked 
| 175|0x000000070ff00000, 0x000000070ff00000, 0x0000000710000000|  0%| F|  |TAMS 0x000000070ff00000, 0x000000070ff00000| Untracked 
| 176|0x0000000710000000, 0x0000000710000000, 0x0000000710100000|  0%| F|  |TAMS 0x0000000710000000, 0x0000000710000000| Untracked 
| 177|0x0000000710100000, 0x0000000710100000, 0x0000000710200000|  0%| F|  |TAMS 0x0000000710100000, 0x0000000710100000| Untracked 
| 178|0x0000000710200000, 0x0000000710200000, 0x0000000710300000|  0%| F|  |TAMS 0x0000000710200000, 0x0000000710200000| Untracked 
| 179|0x0000000710300000, 0x0000000710300000, 0x0000000710400000|  0%| F|  |TAMS 0x0000000710300000, 0x0000000710300000| Untracked 
| 180|0x0000000710400000, 0x0000000710400000, 0x0000000710500000|  0%| F|  |TAMS 0x0000000710400000, 0x0000000710400000| Untracked 
| 181|0x0000000710500000, 0x0000000710500000, 0x0000000710600000|  0%| F|  |TAMS 0x0000000710500000, 0x0000000710500000| Untracked 
| 182|0x0000000710600000, 0x0000000710600000, 0x0000000710700000|  0%| F|  |TAMS 0x0000000710600000, 0x0000000710600000| Untracked 
| 183|0x0000000710700000, 0x0000000710700000, 0x0000000710800000|  0%| F|  |TAMS 0x0000000710700000, 0x0000000710700000| Untracked 
| 184|0x0000000710800000, 0x0000000710800000, 0x0000000710900000|  0%| F|  |TAMS 0x0000000710800000, 0x0000000710800000| Untracked 
| 185|0x0000000710900000, 0x0000000710900000, 0x0000000710a00000|  0%| F|  |TAMS 0x0000000710900000, 0x0000000710900000| Untracked 
| 186|0x0000000710a00000, 0x0000000710a00000, 0x0000000710b00000|  0%| F|  |TAMS 0x0000000710a00000, 0x0000000710a00000| Untracked 
| 187|0x0000000710b00000, 0x0000000710b00000, 0x0000000710c00000|  0%| F|  |TAMS 0x0000000710b00000, 0x0000000710b00000| Untracked 
| 188|0x0000000710c00000, 0x0000000710c00000, 0x0000000710d00000|  0%| F|  |TAMS 0x0000000710c00000, 0x0000000710c00000| Untracked 
| 189|0x0000000710d00000, 0x0000000710d00000, 0x0000000710e00000|  0%| F|  |TAMS 0x0000000710d00000, 0x0000000710d00000| Untracked 
| 190|0x0000000710e00000, 0x0000000710e00000, 0x0000000710f00000|  0%| F|  |TAMS 0x0000000710e00000, 0x0000000710e00000| Untracked 
| 191|0x0000000710f00000, 0x0000000710f00000, 0x0000000711000000|  0%| F|  |TAMS 0x0000000710f00000, 0x0000000710f00000| Untracked 
| 192|0x0000000711000000, 0x0000000711000000, 0x0000000711100000|  0%| F|  |TAMS 0x0000000711000000, 0x0000000711000000| Untracked 
| 193|0x0000000711100000, 0x0000000711100000, 0x0000000711200000|  0%| F|  |TAMS 0x0000000711100000, 0x0000000711100000| Untracked 
| 194|0x0000000711200000, 0x0000000711200000, 0x0000000711300000|  0%| F|  |TAMS 0x0000000711200000, 0x0000000711200000| Untracked 
| 195|0x0000000711300000, 0x0000000711300000, 0x0000000711400000|  0%| F|  |TAMS 0x0000000711300000, 0x0000000711300000| Untracked 
| 196|0x0000000711400000, 0x0000000711400000, 0x0000000711500000|  0%| F|  |TAMS 0x0000000711400000, 0x0000000711400000| Untracked 
| 197|0x0000000711500000, 0x0000000711500000, 0x0000000711600000|  0%| F|  |TAMS 0x0000000711500000, 0x0000000711500000| Untracked 
| 198|0x0000000711600000, 0x0000000711600000, 0x0000000711700000|  0%| F|  |TAMS 0x0000000711600000, 0x0000000711600000| Untracked 
| 199|0x0000000711700000, 0x0000000711700000, 0x0000000711800000|  0%| F|  |TAMS 0x0000000711700000, 0x0000000711700000| Untracked 
| 200|0x0000000711800000, 0x0000000711800000, 0x0000000711900000|  0%| F|  |TAMS 0x0000000711800000, 0x0000000711800000| Untracked 
| 201|0x0000000711900000, 0x0000000711900000, 0x0000000711a00000|  0%| F|  |TAMS 0x0000000711900000, 0x0000000711900000| Untracked 
| 202|0x0000000711a00000, 0x0000000711a00000, 0x0000000711b00000|  0%| F|  |TAMS 0x0000000711a00000, 0x0000000711a00000| Untracked 
| 203|0x0000000711b00000, 0x0000000711b00000, 0x0000000711c00000|  0%| F|  |TAMS 0x0000000711b00000, 0x0000000711b00000| Untracked 
| 204|0x0000000711c00000, 0x0000000711c00000, 0x0000000711d00000|  0%| F|  |TAMS 0x0000000711c00000, 0x0000000711c00000| Untracked 
| 205|0x0000000711d00000, 0x0000000711d00000, 0x0000000711e00000|  0%| F|  |TAMS 0x0000000711d00000, 0x0000000711d00000| Untracked 
| 206|0x0000000711e00000, 0x0000000711e00000, 0x0000000711f00000|  0%| F|  |TAMS 0x0000000711e00000, 0x0000000711e00000| Untracked 
| 207|0x0000000711f00000, 0x0000000711f00000, 0x0000000712000000|  0%| F|  |TAMS 0x0000000711f00000, 0x0000000711f00000| Untracked 
| 208|0x0000000712000000, 0x0000000712000000, 0x0000000712100000|  0%| F|  |TAMS 0x0000000712000000, 0x0000000712000000| Untracked 
| 209|0x0000000712100000, 0x0000000712100000, 0x0000000712200000|  0%| F|  |TAMS 0x0000000712100000, 0x0000000712100000| Untracked 
| 210|0x0000000712200000, 0x0000000712200000, 0x0000000712300000|  0%| F|  |TAMS 0x0000000712200000, 0x0000000712200000| Untracked 
| 211|0x0000000712300000, 0x0000000712300000, 0x0000000712400000|  0%| F|  |TAMS 0x0000000712300000, 0x0000000712300000| Untracked 
| 212|0x0000000712400000, 0x0000000712400000, 0x0000000712500000|  0%| F|  |TAMS 0x0000000712400000, 0x0000000712400000| Untracked 
| 213|0x0000000712500000, 0x0000000712500000, 0x0000000712600000|  0%| F|  |TAMS 0x0000000712500000, 0x0000000712500000| Untracked 
| 214|0x0000000712600000, 0x0000000712600000, 0x0000000712700000|  0%| F|  |TAMS 0x0000000712600000, 0x0000000712600000| Untracked 
| 215|0x0000000712700000, 0x0000000712700000, 0x0000000712800000|  0%| F|  |TAMS 0x0000000712700000, 0x0000000712700000| Untracked 
| 216|0x0000000712800000, 0x0000000712800000, 0x0000000712900000|  0%| F|  |TAMS 0x0000000712800000, 0x0000000712800000| Untracked 
| 217|0x0000000712900000, 0x0000000712900000, 0x0000000712a00000|  0%| F|  |TAMS 0x0000000712900000, 0x0000000712900000| Untracked 
| 218|0x0000000712a00000, 0x0000000712a00000, 0x0000000712b00000|  0%| F|  |TAMS 0x0000000712a00000, 0x0000000712a00000| Untracked 
| 219|0x0000000712b00000, 0x0000000712b00000, 0x0000000712c00000|  0%| F|  |TAMS 0x0000000712b00000, 0x0000000712b00000| Untracked 
| 220|0x0000000712c00000, 0x0000000712c00000, 0x0000000712d00000|  0%| F|  |TAMS 0x0000000712c00000, 0x0000000712c00000| Untracked 
| 221|0x0000000712d00000, 0x0000000712d00000, 0x0000000712e00000|  0%| F|  |TAMS 0x0000000712d00000, 0x0000000712d00000| Untracked 
| 222|0x0000000712e00000, 0x0000000712e00000, 0x0000000712f00000|  0%| F|  |TAMS 0x0000000712e00000, 0x0000000712e00000| Untracked 
| 223|0x0000000712f00000, 0x0000000712f00000, 0x0000000713000000|  0%| F|  |TAMS 0x0000000712f00000, 0x0000000712f00000| Untracked 
| 224|0x0000000713000000, 0x0000000713000000, 0x0000000713100000|  0%| F|  |TAMS 0x0000000713000000, 0x0000000713000000| Untracked 
| 225|0x0000000713100000, 0x0000000713100000, 0x0000000713200000|  0%| F|  |TAMS 0x0000000713100000, 0x0000000713100000| Untracked 
| 226|0x0000000713200000, 0x0000000713200000, 0x0000000713300000|  0%| F|  |TAMS 0x0000000713200000, 0x0000000713200000| Untracked 
| 227|0x0000000713300000, 0x0000000713300000, 0x0000000713400000|  0%| F|  |TAMS 0x0000000713300000, 0x0000000713300000| Untracked 
| 228|0x0000000713400000, 0x0000000713400000, 0x0000000713500000|  0%| F|  |TAMS 0x0000000713400000, 0x0000000713400000| Untracked 
| 229|0x0000000713500000, 0x0000000713500000, 0x0000000713600000|  0%| F|  |TAMS 0x0000000713500000, 0x0000000713500000| Untracked 
| 230|0x0000000713600000, 0x0000000713600000, 0x0000000713700000|  0%| F|  |TAMS 0x0000000713600000, 0x0000000713600000| Untracked 
| 231|0x0000000713700000, 0x0000000713700000, 0x0000000713800000|  0%| F|  |TAMS 0x0000000713700000, 0x0000000713700000| Untracked 
| 232|0x0000000713800000, 0x0000000713800000, 0x0000000713900000|  0%| F|  |TAMS 0x0000000713800000, 0x0000000713800000| Untracked 
| 233|0x0000000713900000, 0x0000000713900000, 0x0000000713a00000|  0%| F|  |TAMS 0x0000000713900000, 0x0000000713900000| Untracked 
| 234|0x0000000713a00000, 0x0000000713a00000, 0x0000000713b00000|  0%| F|  |TAMS 0x0000000713a00000, 0x0000000713a00000| Untracked 
| 235|0x0000000713b00000, 0x0000000713b00000, 0x0000000713c00000|  0%| F|  |TAMS 0x0000000713b00000, 0x0000000713b00000| Untracked 
| 236|0x0000000713c00000, 0x0000000713c00000, 0x0000000713d00000|  0%| F|  |TAMS 0x0000000713c00000, 0x0000000713c00000| Untracked 
| 237|0x0000000713d00000, 0x0000000713d00000, 0x0000000713e00000|  0%| F|  |TAMS 0x0000000713d00000, 0x0000000713d00000| Untracked 
| 238|0x0000000713e00000, 0x0000000713e00000, 0x0000000713f00000|  0%| F|  |TAMS 0x0000000713e00000, 0x0000000713e00000| Untracked 
| 239|0x0000000713f00000, 0x0000000713f00000, 0x0000000714000000|  0%| F|  |TAMS 0x0000000713f00000, 0x0000000713f00000| Untracked 
| 240|0x0000000714000000, 0x0000000714000000, 0x0000000714100000|  0%| F|  |TAMS 0x0000000714000000, 0x0000000714000000| Untracked 
| 241|0x0000000714100000, 0x0000000714100000, 0x0000000714200000|  0%| F|  |TAMS 0x0000000714100000, 0x0000000714100000| Untracked 
| 242|0x0000000714200000, 0x0000000714200000, 0x0000000714300000|  0%| F|  |TAMS 0x0000000714200000, 0x0000000714200000| Untracked 
| 243|0x0000000714300000, 0x0000000714300000, 0x0000000714400000|  0%| F|  |TAMS 0x0000000714300000, 0x0000000714300000| Untracked 
| 244|0x0000000714400000, 0x0000000714400000, 0x0000000714500000|  0%| F|  |TAMS 0x0000000714400000, 0x0000000714400000| Untracked 
| 245|0x0000000714500000, 0x000000071457b628, 0x0000000714600000| 48%| E|  |TAMS 0x0000000714500000, 0x0000000714500000| Complete 
| 246|0x0000000714600000, 0x0000000714700000, 0x0000000714700000|100%| E|CS|TAMS 0x0000000714600000, 0x0000000714600000| Complete 
| 247|0x0000000714700000, 0x0000000714800000, 0x0000000714800000|100%| E|CS|TAMS 0x0000000714700000, 0x0000000714700000| Complete 
| 248|0x0000000714800000, 0x0000000714900000, 0x0000000714900000|100%| E|CS|TAMS 0x0000000714800000, 0x0000000714800000| Complete 
| 249|0x0000000714900000, 0x0000000714a00000, 0x0000000714a00000|100%| E|CS|TAMS 0x0000000714900000, 0x0000000714900000| Complete 
| 250|0x0000000714a00000, 0x0000000714b00000, 0x0000000714b00000|100%| E|CS|TAMS 0x0000000714a00000, 0x0000000714a00000| Complete 
| 251|0x0000000714b00000, 0x0000000714c00000, 0x0000000714c00000|100%| E|CS|TAMS 0x0000000714b00000, 0x0000000714b00000| Complete 

Card table byte_map: [0x00000277d1070000,0x00000277d1850000] _byte_map_base: 0x00000277cd848000

Marking Bits (Prev, Next): (CMBitMap*) 0x00000277b6f7e158, (CMBitMap*) 0x00000277b6f7e190
 Prev Bits: [0x00000277d2030000, 0x00000277d5ef0000)
 Next Bits: [0x00000277d5ef0000, 0x00000277d9db0000)

Polling page: 0x00000277b6ff0000

Metaspace:

Usage:
  Non-class:      8.70 MB capacity,     8.56 MB ( 98%) used,   132.44 KB (  1%) free+waste,     8.19 KB ( <1%) overhead. 
      Class:    877.00 KB capacity,   841.94 KB ( 96%) used,    31.88 KB (  4%) free+waste,     3.19 KB ( <1%) overhead. 
       Both:      9.55 MB capacity,     9.38 MB ( 98%) used,   164.31 KB (  2%) free+waste,    11.38 KB ( <1%) overhead. 

Virtual space:
  Non-class space:       10.00 MB reserved,       8.75 MB ( 88%) committed 
      Class space:        1.00 GB reserved,     896.00 KB ( <1%) committed 
             Both:        1.01 GB reserved,       9.63 MB ( <1%) committed 

Chunk freelists:
   Non-Class:  54.00 KB
       Class:  19.00 KB
        Both:  73.00 KB

MaxMetaspaceSize: 17179869184.00 GB
CompressedClassSpaceSize: 1.00 GB
Initial GC threshold: 20.80 MB
Current GC threshold: 20.80 MB
CDS: off

CodeHeap 'non-profiled nmethods': size=120000Kb used=121Kb max_used=121Kb free=119878Kb
 bounds [0x00000277c8900000, 0x00000277c8b70000, 0x00000277cfe30000]
CodeHeap 'profiled nmethods': size=120000Kb used=604Kb max_used=604Kb free=119395Kb
 bounds [0x00000277c13d0000, 0x00000277c1640000, 0x00000277c8900000]
CodeHeap 'non-nmethods': size=5760Kb used=1210Kb max_used=1222Kb free=4549Kb
 bounds [0x00000277c0e30000, 0x00000277c10a0000, 0x00000277c13d0000]
 total_blobs=812 nmethods=443 adapters=290
 compilation: enabled
              stopped_count=0, restarted_count=0
 full_count=0

Compilation events (20 events):
Event: 0.384 Thread 0x00000277dd267000  434       1       java.security.ProtectionDomain::getCodeSource (5 bytes)
Event: 0.384 Thread 0x00000277dd267000 nmethod 434 0x00000277c891d310 code [0x00000277c891d4c0, 0x00000277c891d578]
Event: 0.385 Thread 0x00000277dd267000  435       3       java.lang.StringUTF16::length (5 bytes)
Event: 0.385 Thread 0x00000277dd267000 nmethod 435 0x00000277c1465410 code [0x00000277c14655c0, 0x00000277c14656b8]
Event: 0.386 Thread 0x00000277dd267000  436       3       java.lang.String::charAt (25 bytes)
Event: 0.386 Thread 0x00000277dd267000 nmethod 436 0x00000277c1465790 code [0x00000277c14659a0, 0x00000277c1465ed8]
Event: 0.386 Thread 0x00000277dd267000  438       1       java.util.Formatter$Flags::valueOf (5 bytes)
Event: 0.386 Thread 0x00000277dd267000 nmethod 438 0x00000277c891d610 code [0x00000277c891d7c0, 0x00000277c891d878]
Event: 0.386 Thread 0x00000277dd267000  437       1       java.nio.Buffer::position (5 bytes)
Event: 0.386 Thread 0x00000277dd267000 nmethod 437 0x00000277c891d910 code [0x00000277c891dac0, 0x00000277c891db78]
Event: 428.163 Thread 0x00000277dd263800  439       4       org.eclipse.jdt.launching.internal.org.objectweb.asm.ClassReader::readUnsignedShort (26 bytes)
Event: 428.163 Thread 0x00000277dd267000  440       3       org.eclipse.jdt.launching.internal.org.objectweb.asm.ClassReader::readUTF8 (23 bytes)
Event: 428.166 Thread 0x00000277dd267000 nmethod 440 0x00000277c1466110 code [0x00000277c14662e0, 0x00000277c1466588]
Event: 428.166 Thread 0x00000277dd263800 nmethod 439 0x00000277c891dc10 code [0x00000277c891dda0, 0x00000277c891de78]
Event: 454.082 Thread 0x00000277dd267000  441       3       org.eclipse.jdt.launching.internal.org.objectweb.asm.SymbolTable::addConstantUtf8 (20 bytes)
Event: 454.083 Thread 0x00000277dd267000 nmethod 441 0x00000277c1466710 code [0x00000277c1466900, 0x00000277c1466c68]
Event: 1764.144 Thread 0x00000277dd267000  442       3       org.eclipse.jdt.launching.internal.org.objectweb.asm.ByteVector::putShort (52 bytes)
Event: 1764.147 Thread 0x00000277dd267000 nmethod 442 0x00000277c1466e10 code [0x00000277c1466fe0, 0x00000277c14671e8]
Event: 1942.227 Thread 0x00000277dd263800  443       4       java.lang.StringUTF16::compress (50 bytes)
Event: 1942.234 Thread 0x00000277dd263800 nmethod 443 0x00000277c891df90 code [0x00000277c891e120, 0x00000277c891e538]

GC Heap History (0 events):
No events

Deoptimization events (20 events):
Event: 0.355 Thread 0x00000277b6f18000 DEOPT PACKING pc=0x00000277c143cd04 sp=0x0000009c00cfa220
Event: 0.355 Thread 0x00000277b6f18000 DEOPT UNPACKING pc=0x00000277c0e79d0e sp=0x0000009c00cf9688 mode 0
Event: 0.355 Thread 0x00000277b6f18000 DEOPT PACKING pc=0x00000277c143cd04 sp=0x0000009c00cfa220
Event: 0.355 Thread 0x00000277b6f18000 DEOPT UNPACKING pc=0x00000277c0e79d0e sp=0x0000009c00cf9688 mode 0
Event: 0.356 Thread 0x00000277b6f18000 DEOPT PACKING pc=0x00000277c143cd04 sp=0x0000009c00cfa220
Event: 0.356 Thread 0x00000277b6f18000 DEOPT UNPACKING pc=0x00000277c0e79d0e sp=0x0000009c00cf9688 mode 0
Event: 0.357 Thread 0x00000277b6f18000 DEOPT PACKING pc=0x00000277c143cd04 sp=0x0000009c00cfa220
Event: 0.357 Thread 0x00000277b6f18000 DEOPT UNPACKING pc=0x00000277c0e79d0e sp=0x0000009c00cf9688 mode 0
Event: 0.357 Thread 0x00000277b6f18000 DEOPT PACKING pc=0x00000277c143cd04 sp=0x0000009c00cfa220
Event: 0.357 Thread 0x00000277b6f18000 DEOPT UNPACKING pc=0x00000277c0e79d0e sp=0x0000009c00cf9688 mode 0
Event: 0.357 Thread 0x00000277b6f18000 DEOPT PACKING pc=0x00000277c143cd04 sp=0x0000009c00cfa220
Event: 0.357 Thread 0x00000277b6f18000 DEOPT UNPACKING pc=0x00000277c0e79d0e sp=0x0000009c00cf9688 mode 0
Event: 0.383 Thread 0x00000277b6f18000 Uncommon trap: trap_request=0xffffff4d fr.pc=0x00000277c8908cc4 relative=0x00000000000001a4
Event: 0.383 Thread 0x00000277b6f18000 Uncommon trap: reason=unstable_if action=reinterpret pc=0x00000277c8908cc4 method=java.lang.String.isLatin1()Z @ 10 c2
Event: 0.383 Thread 0x00000277b6f18000 DEOPT PACKING pc=0x00000277c8908cc4 sp=0x0000009c00cf93b0
Event: 0.383 Thread 0x00000277b6f18000 DEOPT UNPACKING pc=0x00000277c0e385af sp=0x0000009c00cf92f0 mode 2
Event: 0.384 Thread 0x00000277b6f18000 Uncommon trap: trap_request=0xffffff4d fr.pc=0x00000277c890f5a0 relative=0x0000000000000080
Event: 0.384 Thread 0x00000277b6f18000 Uncommon trap: reason=unstable_if action=reinterpret pc=0x00000277c890f5a0 method=java.lang.String.charAt(I)C @ 4 c2
Event: 0.384 Thread 0x00000277b6f18000 DEOPT PACKING pc=0x00000277c890f5a0 sp=0x0000009c00cfebc0
Event: 0.384 Thread 0x00000277b6f18000 DEOPT UNPACKING pc=0x00000277c0e385af sp=0x0000009c00cfeb70 mode 2

Classes redefined (12 events):
Event: 93.698 Thread 0x00000277dd1c7000 redefined class name=ch5_array.ArrayEx1, count=1
Event: 428.165 Thread 0x00000277dd1c7000 redefined class name=ch5_array.ArrayEx1, count=2
Event: 454.084 Thread 0x00000277dd1c7000 redefined class name=ch5_array.ArrayEx1, count=3
Event: 745.608 Thread 0x00000277dd1c7000 redefined class name=ch5_array.ArrayEx1, count=4
Event: 1048.242 Thread 0x00000277dd1c7000 redefined class name=ch5_array.ArrayEx1, count=5
Event: 1204.181 Thread 0x00000277dd1c7000 redefined class name=ch5_array.ArrayEx1, count=6
Event: 1383.889 Thread 0x00000277dd1c7000 redefined class name=ch5_array.ArrayEx1, count=7
Event: 1403.268 Thread 0x00000277dd1c7000 redefined class name=ch5_array.ArrayEx1, count=8
Event: 1585.543 Thread 0x00000277dd1c7000 redefined class name=ch5_array.ArrayEx1, count=9
Event: 1764.146 Thread 0x00000277dd1c7000 redefined class name=ch5_array.ArrayEx1, count=10
Event: 1942.229 Thread 0x00000277dd1c7000 redefined class name=ch5_array.ArrayEx1, count=11
Event: 2309.662 Thread 0x00000277dd1c7000 redefined class name=ch5_array.ArrayEx1, count=12

Internal exceptions (1 events):
Event: 0.386 Thread 0x00000277b6f18000 Exception <a 'java/lang/ArrayIndexOutOfBoundsException'{0x0000000714560408}: Index 7 out of bounds for length 5> (0x0000000714560408) thrown at [./src/hotspot/share/interpreter/interpreterRuntime.cpp, line 444]

Events (20 events):
Event: 3381.353 Executing VM operation: GetFrameCount done
Event: 3381.353 Executing VM operation: GetStackTrace
Event: 3381.353 Executing VM operation: GetStackTrace done
Event: 3463.145 Executing VM operation: GetCurrentContendedMonitor
Event: 3463.145 Executing VM operation: GetCurrentContendedMonitor done
Event: 3463.145 Executing VM operation: GetOwnedMonitorInfo
Event: 3463.145 Executing VM operation: GetOwnedMonitorInfo done
Event: 3665.166 Executing VM operation: GetCurrentContendedMonitor
Event: 3665.166 Executing VM operation: GetCurrentContendedMonitor done
Event: 3665.166 Executing VM operation: GetOwnedMonitorInfo
Event: 3665.166 Executing VM operation: GetOwnedMonitorInfo done
Event: 3681.035 Executing VM operation: GetCurrentContendedMonitor
Event: 3681.035 Executing VM operation: GetCurrentContendedMonitor done
Event: 3681.035 Executing VM operation: GetOwnedMonitorInfo
Event: 3681.035 Executing VM operation: GetOwnedMonitorInfo done
Event: 3689.721 Executing VM operation: GetCurrentContendedMonitor
Event: 3689.722 Executing VM operation: GetCurrentContendedMonitor done
Event: 3689.722 Executing VM operation: GetOwnedMonitorInfo
Event: 3689.722 Executing VM operation: GetOwnedMonitorInfo done
Event: 3967.773 Executing VM operation: GetOrSetLocal


Dynamic libraries:
0x00007ff639690000 - 0x00007ff6396b0000 	C:\Program Files\Java\java-11-openjdk\bin\javaw.exe
0x00007ffc54a70000 - 0x00007ffc54c84000 	C:\WINDOWS\SYSTEM32\ntdll.dll
0x00007ffc52e90000 - 0x00007ffc52f52000 	C:\WINDOWS\System32\KERNEL32.DLL
0x00007ffc522b0000 - 0x00007ffc52653000 	C:\WINDOWS\System32\KERNELBASE.dll
0x00007ffc52190000 - 0x00007ffc522a1000 	C:\WINDOWS\System32\ucrtbase.dll
0x00007ffc49bb0000 - 0x00007ffc49bc5000 	C:\Program Files\Java\java-11-openjdk\bin\VCRUNTIME140.dll
0x00007ffc49bd0000 - 0x00007ffc49be7000 	C:\Program Files\Java\java-11-openjdk\bin\jli.dll
0x00007ffc52fc0000 - 0x00007ffc5316b000 	C:\WINDOWS\System32\USER32.dll
0x00007ffc51e90000 - 0x00007ffc51eb6000 	C:\WINDOWS\System32\win32u.dll
0x00007ffc52d80000 - 0x00007ffc52da9000 	C:\WINDOWS\System32\GDI32.dll
0x00007ffc51ec0000 - 0x00007ffc51fd8000 	C:\WINDOWS\System32\gdi32full.dll
0x00007ffc52660000 - 0x00007ffc526fa000 	C:\WINDOWS\System32\msvcp_win.dll
0x00007ffc3be30000 - 0x00007ffc3c0be000 	C:\WINDOWS\WinSxS\amd64_microsoft.windows.common-controls_6595b64144ccf1df_6.0.22621.1635_none_270f70857386168e\COMCTL32.dll
0x00007ffc53480000 - 0x00007ffc53527000 	C:\WINDOWS\System32\msvcrt.dll
0x00007ffc53d30000 - 0x00007ffc53d61000 	C:\WINDOWS\System32\IMM32.DLL
0x00007ffc32510000 - 0x00007ffc325ab000 	C:\Program Files\Java\java-11-openjdk\bin\msvcp140.dll
0x00007ffbe0a40000 - 0x00007ffbe15c1000 	C:\Program Files\Java\java-11-openjdk\bin\server\jvm.dll
0x00007ffc52870000 - 0x00007ffc5291e000 	C:\WINDOWS\System32\ADVAPI32.dll
0x00007ffc54860000 - 0x00007ffc54904000 	C:\WINDOWS\System32\sechost.dll
0x00007ffc53360000 - 0x00007ffc53477000 	C:\WINDOWS\System32\RPCRT4.dll
0x00007ffc52d10000 - 0x00007ffc52d18000 	C:\WINDOWS\System32\PSAPI.DLL
0x00007ffc49970000 - 0x00007ffc499a4000 	C:\WINDOWS\SYSTEM32\WINMM.dll
0x00007ffc38840000 - 0x00007ffc38849000 	C:\WINDOWS\SYSTEM32\WSOCK32.dll
0x00007ffc54240000 - 0x00007ffc542b1000 	C:\WINDOWS\System32\WS2_32.dll
0x00007ffc4a5b0000 - 0x00007ffc4a5ba000 	C:\WINDOWS\SYSTEM32\VERSION.dll
0x00007ffc50f80000 - 0x00007ffc50f98000 	C:\WINDOWS\SYSTEM32\kernel.appcore.dll
0x00007ffc49ba0000 - 0x00007ffc49bb0000 	C:\Program Files\Java\java-11-openjdk\bin\verify.dll
0x00007ffc4fac0000 - 0x00007ffc4fcee000 	C:\WINDOWS\SYSTEM32\DBGHELP.DLL
0x00007ffc52980000 - 0x00007ffc52d09000 	C:\WINDOWS\System32\combase.dll
0x00007ffc52db0000 - 0x00007ffc52e87000 	C:\WINDOWS\System32\OLEAUT32.dll
0x00007ffc38270000 - 0x00007ffc382a2000 	C:\WINDOWS\SYSTEM32\dbgcore.DLL
0x00007ffc520a0000 - 0x00007ffc5211b000 	C:\WINDOWS\System32\bcryptPrimitives.dll
0x00007ffc49b70000 - 0x00007ffc49b98000 	C:\Program Files\Java\java-11-openjdk\bin\java.dll
0x00007ffc49b60000 - 0x00007ffc49b6a000 	C:\Program Files\Java\java-11-openjdk\bin\jimage.dll
0x00007ffc4eba0000 - 0x00007ffc4ebd8000 	C:\Program Files\Java\java-11-openjdk\bin\jdwp.dll
0x00007ffc4ec30000 - 0x00007ffc4ec3e000 	C:\Program Files\Java\java-11-openjdk\bin\instrument.dll
0x00007ffc3f920000 - 0x00007ffc3f938000 	C:\Program Files\Java\java-11-openjdk\bin\zip.dll
0x00007ffc53530000 - 0x00007ffc53d2a000 	C:\WINDOWS\System32\SHELL32.dll
0x00007ffc4fe90000 - 0x00007ffc5075e000 	C:\WINDOWS\SYSTEM32\windows.storage.dll
0x00007ffc4fd50000 - 0x00007ffc4fe8e000 	C:\WINDOWS\SYSTEM32\wintypes.dll
0x00007ffc53fd0000 - 0x00007ffc540c1000 	C:\WINDOWS\System32\SHCORE.dll
0x00007ffc52920000 - 0x00007ffc5297e000 	C:\WINDOWS\System32\shlwapi.dll
0x00007ffc51dc0000 - 0x00007ffc51de1000 	C:\WINDOWS\SYSTEM32\profapi.dll
0x00007ffc4cdd0000 - 0x00007ffc4cdda000 	C:\Program Files\Java\java-11-openjdk\bin\dt_socket.dll
0x00007ffc51440000 - 0x00007ffc514a9000 	C:\WINDOWS\System32\mswsock.dll
0x00007ffc50ab0000 - 0x00007ffc50ba3000 	C:\WINDOWS\SYSTEM32\DNSAPI.dll
0x00007ffc50a40000 - 0x00007ffc50a6d000 	C:\WINDOWS\SYSTEM32\IPHLPAPI.DLL
0x00007ffc53d70000 - 0x00007ffc53d79000 	C:\WINDOWS\System32\NSI.dll
0x00007ffc49350000 - 0x00007ffc493d4000 	C:\WINDOWS\System32\fwpuclnt.dll
0x00007ffc4afa0000 - 0x00007ffc4afaa000 	C:\Windows\System32\rasadhlp.dll
0x00007ffc3f900000 - 0x00007ffc3f919000 	C:\Program Files\Java\java-11-openjdk\bin\net.dll
0x00007ffc4c360000 - 0x00007ffc4c497000 	C:\WINDOWS\SYSTEM32\WINHTTP.dll
0x00007ffc3f8e0000 - 0x00007ffc3f8f3000 	C:\Program Files\Java\java-11-openjdk\bin\nio.dll

dbghelp: loaded successfully - version: 4.0.5 - missing functions: none
symbol engine: initialized successfully - sym options: 0x614 - pdb path: .;C:\Program Files\Java\java-11-openjdk\bin;C:\WINDOWS\SYSTEM32;C:\WINDOWS\WinSxS\amd64_microsoft.windows.common-controls_6595b64144ccf1df_6.0.22621.1635_none_270f70857386168e;C:\Program Files\Java\java-11-openjdk\bin\server

VM Arguments:
jvm_args: -agentlib:jdwp=transport=dt_socket,suspend=y,address=localhost:52858 -javaagent:C:\eclipse-jee-2021-12-R-win32-x86_64\eclipse\configuration\org.eclipse.osgi\418\0\.cp\lib\javaagent-shaded.jar -Dfile.encoding=UTF-8 
java_command: ch5_array.ArrayEx1
java_class_path (initial): C:\java_study\Java_Study\bin
Launcher Type: SUN_STANDARD

[Global flags]
     intx CICompilerCount                          = 4                                         {product} {ergonomic}
     uint ConcGCThreads                            = 2                                         {product} {ergonomic}
     uint G1ConcRefinementThreads                  = 8                                         {product} {ergonomic}
   size_t G1HeapRegionSize                         = 1048576                                   {product} {ergonomic}
    uintx GCDrainStackTargetSize                   = 64                                        {product} {ergonomic}
   size_t InitialHeapSize                          = 264241152                                 {product} {ergonomic}
   size_t MarkStackSize                            = 4194304                                   {product} {ergonomic}
   size_t MaxHeapSize                              = 4211081216                                {product} {ergonomic}
   size_t MaxNewSize                               = 2526019584                                {product} {ergonomic}
   size_t MinHeapDeltaBytes                        = 1048576                                   {product} {ergonomic}
    uintx NonNMethodCodeHeapSize                   = 5836300                                {pd product} {ergonomic}
    uintx NonProfiledCodeHeapSize                  = 122910970                              {pd product} {ergonomic}
    uintx ProfiledCodeHeapSize                     = 122910970                              {pd product} {ergonomic}
    uintx ReservedCodeCacheSize                    = 251658240                              {pd product} {ergonomic}
     bool SegmentedCodeCache                       = true                                      {product} {ergonomic}
     bool UseCompressedClassPointers               = true                                 {lp64_product} {ergonomic}
     bool UseCompressedOops                        = true                                 {lp64_product} {ergonomic}
     bool UseG1GC                                  = true                                      {product} {ergonomic}
     bool UseLargePagesIndividualAllocation        = false                                  {pd product} {ergonomic}

Logging:
Log output configuration:
 #0: stdout all=warning uptime,level,tags
 #1: stderr all=off uptime,level,tags

Environment Variables:
JAVA_HOME=C:\Program Files\Java\java-11-openjdk
PATH=C:\oraclexe\app\oracle\product\11.2.0\server\bin;C:\Program Files\Common Files\Oracle\Java\javapath;C:\WINDOWS\system32;C:\WINDOWS;C:\WINDOWS\System32\Wbem;C:\WINDOWS\System32\WindowsPowerShell\v1.0\;C:\WINDOWS\System32\OpenSSH\;C:\Program Files\Git\cmd;C:\senchacmd;C:\Program Files\nodejs\;C:\Program Files\Java\java-11-openjdk\bin;C:\Users\debor\bin\Sencha\Cmd;C:\Users\debor\AppData\Local\Microsoft\WindowsApps;C:\Users\debor\AppData\Local\atom\bin;C:\Users\debor\AppData\Local\Programs\Microsoft VS Code\bin;C:\Users\debor\AppData\Roaming\npm;C:\Users\debor\AppData\Local\afreeca;C:\Users\debor\AppData\Local\Microsoft\WindowsApps;
USERNAME=debor
OS=Windows_NT
PROCESSOR_IDENTIFIER=Intel64 Family 6 Model 140 Stepping 1, GenuineIntel



---------------  S Y S T E M  ---------------

OS: Windows 11 , 64 bit Build 22621 (10.0.22621.1635)
OS uptime: 2 days 1:33 hours

CPU:total 8 (initial active 8) (4 cores per cpu, 2 threads per core) family 6 model 140 stepping 1 microcode 0x9a, cmov, cx8, fxsr, mmx, sse, sse2, sse3, ssse3, sse4.1, sse4.2, popcnt, avx, avx2, aes, clmul, erms, 3dnowpref, lzcnt, ht, tsc, tscinvbit, bmi1, bmi2, adx, evex, sha, fma

Memory: 4k page, system-wide physical 16057M (8554M free)
TotalPageFile size 17081M (AvailPageFile size 7210M)
current process WorkingSet (physical memory assigned to process): 52M, peak: 53M
current process commit charge ("private bytes"): 340M, peak: 342M

vm_info: OpenJDK 64-Bit Server VM (11.0.14+9-LTS) for windows-amd64 JRE (11.0.14+9-LTS), built on Jan 28 2022 13:56:43 by "" with unknown MS VC++:1916

END.
